2019-06-21 19:50:56 [scrapy.utils.log] INFO: Scrapy 1.6.0 started (bot: scrappy_app)
2019-06-21 19:50:56 [scrapy.utils.log] INFO: Versions: lxml 4.2.5.0, libxml2 2.9.5, cssselect 1.0.3, parsel 1.5.1, w3lib 1.20.0, Twisted 18.9.0, Python 3.7.3 (v3.7.3:ef4ec6ed12, Mar 25 2019, 21:26:53) [MSC v.1916 32 bit (Intel)], pyOpenSSL 19.0.0 (OpenSSL 1.1.1b  26 Feb 2019), cryptography 2.6.1, Platform Windows-10-10.0.17134-SP0
2019-06-21 19:50:56 [scrapy.crawler] INFO: Overridden settings: {'BOT_NAME': 'scrappy_app', 'LOG_FILE': 'logs\\default\\naver_news\\653e1b34941211e98b08606dc7a02a2e.log', 'NEWSPIDER_MODULE': 'scrappy_app.spiders', 'SPIDER_MODULES': ['scrappy_app.spiders'], 'USER_AGENT': 'Mozilla/5.0 (Windows NT 10.0; Win64; x64; rv:67.0) Gecko/20100101 Firefox/67.0'}
2019-06-21 19:50:56 [scrapy.extensions.telnet] INFO: Telnet Password: 7b87f7e04237cef8
2019-06-21 19:50:56 [scrapy.middleware] INFO: Enabled extensions:
['scrapy.extensions.corestats.CoreStats',
 'scrapy.extensions.telnet.TelnetConsole',
 'scrapy.extensions.logstats.LogStats']
2019-06-21 19:50:56 [djongo.sql2mongo.query] DEBUG: params: ('f1d31e5e-45aa-4313-b4e1-9997976a3bd9',)
2019-06-21 19:50:56 [djongo.sql2mongo.query] DEBUG: 
 sql_command: SELECT "iCrawler_mycollection"."id", "iCrawler_mycollection"."unique_id", "iCrawler_mycollection"."jobids", "iCrawler_mycollection"."search_keyword", "iCrawler_mycollection"."channel_broadcast", "iCrawler_mycollection"."channel_published", "iCrawler_mycollection"."channel_blog", "iCrawler_mycollection"."channel_sns", "iCrawler_mycollection"."start_date", "iCrawler_mycollection"."end_date", "iCrawler_mycollection"."user_ip", "iCrawler_mycollection"."user_agent", "iCrawler_mycollection"."status", "iCrawler_mycollection"."created_date" FROM "iCrawler_mycollection" WHERE "iCrawler_mycollection"."unique_id" = %(0)s
2019-06-21 19:50:56 [djongo.sql2mongo.query] DEBUG: Find query: {'filter': {'unique_id': {'$eq': 'f1d31e5e-45aa-4313-b4e1-9997976a3bd9'}}, 'projection': ['id', 'unique_id', 'jobids', 'search_keyword', 'channel_broadcast', 'channel_published', 'channel_blog', 'channel_sns', 'start_date', 'end_date', 'user_ip', 'user_agent', 'status', 'created_date']}
2019-06-21 19:50:56 [djongo.sql2mongo.query] DEBUG: params: ('f1d31e5e-45aa-4313-b4e1-9997976a3bd9', '64d34678941211e9a444606dc7a02a2e 64f694ba941211e9999a606dc7a02a2e 651f8480941211e982ed606dc7a02a2e 653e1b34941211e98b08606dc7a02a2e', 'carrot,버섯,머쉬룸,버석,버섭,버슷,머시룸,mushroom', '뉴시스,SBS 뉴스,MBN,한국경제TV,MBC 뉴스,others', '연합뉴스,아시아경제,매일경제,머니투데이,레이디경향,others', 'daum,naver', 'twitter', datetime.datetime(2019, 6, 20, 15, 0), datetime.datetime(2019, 6, 20, 15, 0), '127.0.0.1', 'Mozilla/5.0 (Windows NT 10.0; Win64; x64; rv:67.0) Gecko/20100101 Firefox/67.0', 'finished', datetime.datetime(2019, 6, 21, 10, 50, 32, 224000), 365)
2019-06-21 19:50:56 [djongo.sql2mongo.query] DEBUG: 
 sql_command: UPDATE "iCrawler_mycollection" SET "unique_id" = %(0)s, "jobids" = %(1)s, "search_keyword" = %(2)s, "channel_broadcast" = %(3)s, "channel_published" = %(4)s, "channel_blog" = %(5)s, "channel_sns" = %(6)s, "start_date" = %(7)s, "end_date" = %(8)s, "user_ip" = %(9)s, "user_agent" = %(10)s, "status" = %(11)s, "created_date" = %(12)s WHERE "iCrawler_mycollection"."id" = %(13)s
2019-06-21 19:50:56 [djongo.sql2mongo.query] DEBUG: update_many: 1, matched: 1
2019-06-21 19:50:57 [scrapy.middleware] INFO: Enabled downloader middlewares:
['scrapy.downloadermiddlewares.httpauth.HttpAuthMiddleware',
 'scrappy_app.middlewares.SeleniumMiddleware',
 'scrapy.downloadermiddlewares.downloadtimeout.DownloadTimeoutMiddleware',
 'scrapy.downloadermiddlewares.defaultheaders.DefaultHeadersMiddleware',
 'scrapy.downloadermiddlewares.useragent.UserAgentMiddleware',
 'scrapy.downloadermiddlewares.retry.RetryMiddleware',
 'scrapy.downloadermiddlewares.redirect.MetaRefreshMiddleware',
 'scrapy.downloadermiddlewares.httpcompression.HttpCompressionMiddleware',
 'scrapy.downloadermiddlewares.redirect.RedirectMiddleware',
 'scrapy.downloadermiddlewares.cookies.CookiesMiddleware',
 'scrapy.downloadermiddlewares.httpproxy.HttpProxyMiddleware',
 'scrapy.downloadermiddlewares.stats.DownloaderStats']
2019-06-21 19:50:57 [scrapy.middleware] INFO: Enabled spider middlewares:
['scrapy.spidermiddlewares.httperror.HttpErrorMiddleware',
 'scrapy.spidermiddlewares.offsite.OffsiteMiddleware',
 'scrapy.spidermiddlewares.referer.RefererMiddleware',
 'scrapy.spidermiddlewares.urllength.UrlLengthMiddleware',
 'scrapy.spidermiddlewares.depth.DepthMiddleware']
2019-06-21 19:50:57 [scrapy.middleware] INFO: Enabled item pipelines:
['scrappy_app.pipelines.NaverNewsPipeline']
2019-06-21 19:50:57 [scrapy.core.engine] INFO: Spider opened
2019-06-21 19:50:57 [scrapy.extensions.logstats] INFO: Crawled 0 pages (at 0 pages/min), scraped 0 items (at 0 items/min)
2019-06-21 19:51:00 [selenium.webdriver.remote.remote_connection] DEBUG: POST http://127.0.0.1:17678/session {"capabilities": {"firstMatch": [{}], "alwaysMatch": {"browserName": "firefox", "acceptInsecureCerts": true, "moz:firefoxOptions": {"profile": "UEsDBBQAAAAIAF2e1U797RI2mAMAADkNAAAHAAAAdXNlci5qc6VWTW/bOBC9F9j/UOS0BWoi6celPaVpCixQNIsaQY8ERY4sxhTJJYdW/O93KFqtIVuWtnvTx3sc8s3MG6YIgfsA9Z9XVXAdvTHlWtZpq1zHVGo9AysqA+rq9UsMCV59/ONFOiUZgRBCskfoWpg4BbfQoahYCoaAV6JyCT9URtjt1UWCFxtYGCGiCJg8yxSCXs/AGtfCAbpkO2Madzs6vlbA2ojO9svojXUBplagT+rB/uh1jjfXTFsM7vH715kN5OS04pnLJlBoHmXQHjkJz1G3Oezb8UkHxkJoAO8CcmEMf4ocniV41M7G8+l/EjtRFmau4FhsXPeXvaNHZ+A8ywJ2LmyZFMTZwSpHFGZFgJ2WcwmOIFPQuGcyDrU5hRwnqQMjs2rzZXeJyoRSOp9VzK3SQaUCHTBwIbOOPFGSU0RQXELACU2PWDGmHPMnS9MHCHO0Igq3IovLYQd2KpSH0NKafd4U1CIZZLotbfBmhBXes+QV9TkTCd2E5keoZX2qdPRG7EHd31yvvzmkAiDGuym066xxQlFFW9pm6KvtRwN2nROm7WYm2v3j11s29OplR+uhb1nJ3Kz9abulDgBLHUNGWEpjrOApmFytOO0FtKtrIkzV+IAKIFTWBxAk7faLDhFvSRE51YM/nUzU0D+TeEut9ZjSCtOJsNiVQQTZHCpkFmvqmHw2h2FQTNoxlCJGMlySou+amgySyyBiMxenAWOYbEBuP5ce+FT+zPBoHkVGZ7cP9s64OHecI/gD5X4CTbqIYsFZ3AaEwaa8s2X2eGGB5HPr3P8ufYhf59r6nn7jBMZtNvmjLMPhv+zEO6PlnuWP61QdTOt/L/B3//H2V4ufXQd26JyJjFzDhcPeL9+K8iAlY+ttuG90RSPLbnjWfyJK9g1bnDjb6+fCXkuiZ/O+Gc/qI3xlnNwaHXGmNI4ofbXfudbTjKi0yePU6k2DZj/PXWTvp3hL3l7vH6f76ugucVHc4fZQRsDq4I8rGtmY4sTaA6dBpCtho2OzX+XfnkbsyoDdYHaJN+/fj3jD4jTWKC/GuI5Xe34YlRMzlXzHY8z9zlunhFl6n6m1AXpiLmjqEl4KNl/T5ggRg5bIx7yzwfKl1JJFttBWENb965Roueq3GtlBvGHkHgr7/OkHDoKhGBj2rOjRH3884k7Bl6U6xQd46ufd+c08e00zgdLG8rmpPGg0EOWfpMNkjF+crtEUKLfVOcq/UEsBAhQAFAAAAAgAXZ7VTv3tEjaYAwAAOQ0AAAcAAAAAAAAAAAAAALaBAAAAAHVzZXIuanNQSwUGAAAAAAEAAQA1AAAAvQMAAAAA"}}}, "desiredCapabilities": {"browserName": "firefox", "acceptInsecureCerts": true, "marionette": true, "moz:firefoxOptions": {"profile": "UEsDBBQAAAAIAF2e1U797RI2mAMAADkNAAAHAAAAdXNlci5qc6VWTW/bOBC9F9j/UOS0BWoi6celPaVpCixQNIsaQY8ERY4sxhTJJYdW/O93KFqtIVuWtnvTx3sc8s3MG6YIgfsA9Z9XVXAdvTHlWtZpq1zHVGo9AysqA+rq9UsMCV59/ONFOiUZgRBCskfoWpg4BbfQoahYCoaAV6JyCT9URtjt1UWCFxtYGCGiCJg8yxSCXs/AGtfCAbpkO2Madzs6vlbA2ojO9svojXUBplagT+rB/uh1jjfXTFsM7vH715kN5OS04pnLJlBoHmXQHjkJz1G3Oezb8UkHxkJoAO8CcmEMf4ocniV41M7G8+l/EjtRFmau4FhsXPeXvaNHZ+A8ywJ2LmyZFMTZwSpHFGZFgJ2WcwmOIFPQuGcyDrU5hRwnqQMjs2rzZXeJyoRSOp9VzK3SQaUCHTBwIbOOPFGSU0RQXELACU2PWDGmHPMnS9MHCHO0Igq3IovLYQd2KpSH0NKafd4U1CIZZLotbfBmhBXes+QV9TkTCd2E5keoZX2qdPRG7EHd31yvvzmkAiDGuym066xxQlFFW9pm6KvtRwN2nROm7WYm2v3j11s29OplR+uhb1nJ3Kz9abulDgBLHUNGWEpjrOApmFytOO0FtKtrIkzV+IAKIFTWBxAk7faLDhFvSRE51YM/nUzU0D+TeEut9ZjSCtOJsNiVQQTZHCpkFmvqmHw2h2FQTNoxlCJGMlySou+amgySyyBiMxenAWOYbEBuP5ce+FT+zPBoHkVGZ7cP9s64OHecI/gD5X4CTbqIYsFZ3AaEwaa8s2X2eGGB5HPr3P8ufYhf59r6nn7jBMZtNvmjLMPhv+zEO6PlnuWP61QdTOt/L/B3//H2V4ufXQd26JyJjFzDhcPeL9+K8iAlY+ttuG90RSPLbnjWfyJK9g1bnDjb6+fCXkuiZ/O+Gc/qI3xlnNwaHXGmNI4ofbXfudbTjKi0yePU6k2DZj/PXWTvp3hL3l7vH6f76ugucVHc4fZQRsDq4I8rGtmY4sTaA6dBpCtho2OzX+XfnkbsyoDdYHaJN+/fj3jD4jTWKC/GuI5Xe34YlRMzlXzHY8z9zlunhFl6n6m1AXpiLmjqEl4KNl/T5ggRg5bIx7yzwfKl1JJFttBWENb965Roueq3GtlBvGHkHgr7/OkHDoKhGBj2rOjRH3884k7Bl6U6xQd46ufd+c08e00zgdLG8rmpPGg0EOWfpMNkjF+crtEUKLfVOcq/UEsBAhQAFAAAAAgAXZ7VTv3tEjaYAwAAOQ0AAAcAAAAAAAAAAAAAALaBAAAAAHVzZXIuanNQSwUGAAAAAAEAAQA1AAAAvQMAAAAA"}}}
2019-06-21 19:51:00 [urllib3.connectionpool] DEBUG: Starting new HTTP connection (1): 127.0.0.1:17678
2019-06-21 19:51:18 [urllib3.connectionpool] DEBUG: http://127.0.0.1:17678 "POST /session HTTP/1.1" 200 734
2019-06-21 19:51:18 [selenium.webdriver.remote.remote_connection] DEBUG: Finished Request
2019-06-21 19:51:18 [selenium.webdriver.remote.remote_connection] DEBUG: POST http://127.0.0.1:17678/session/a4ba55aa-7885-4859-9bbb-003d49fc04ef/timeouts {"pageLoad": 100000}
2019-06-21 19:51:18 [urllib3.connectionpool] DEBUG: http://127.0.0.1:17678 "POST /session/a4ba55aa-7885-4859-9bbb-003d49fc04ef/timeouts HTTP/1.1" 200 14
2019-06-21 19:51:18 [selenium.webdriver.remote.remote_connection] DEBUG: Finished Request
2019-06-21 19:51:18 [scrapy.extensions.telnet] INFO: Telnet console listening on 127.0.0.1:6025
2019-06-21 19:51:18 [selenium.webdriver.remote.remote_connection] DEBUG: POST http://127.0.0.1:17678/session/a4ba55aa-7885-4859-9bbb-003d49fc04ef/url {"url": "https://search.naver.com/search.naver?ie=utf8&where=news&query=%EB%B2%84%EC%84%9D&sm=tab_pge&sort=1&photo=0&field=0&pd=3&ds=2019.06.21&de=2019.06.21&qvt=0&start=1"}
2019-06-21 19:51:25 [urllib3.connectionpool] DEBUG: http://127.0.0.1:17678 "POST /session/a4ba55aa-7885-4859-9bbb-003d49fc04ef/url HTTP/1.1" 200 14
2019-06-21 19:51:25 [selenium.webdriver.remote.remote_connection] DEBUG: Finished Request
2019-06-21 19:51:25 [selenium.webdriver.remote.remote_connection] DEBUG: GET http://127.0.0.1:17678/session/a4ba55aa-7885-4859-9bbb-003d49fc04ef/source {}
2019-06-21 19:51:25 [urllib3.connectionpool] DEBUG: http://127.0.0.1:17678 "GET /session/a4ba55aa-7885-4859-9bbb-003d49fc04ef/source HTTP/1.1" 200 655977
2019-06-21 19:51:25 [selenium.webdriver.remote.remote_connection] DEBUG: Finished Request
2019-06-21 19:51:25 [selenium.webdriver.remote.remote_connection] DEBUG: GET http://127.0.0.1:17678/session/a4ba55aa-7885-4859-9bbb-003d49fc04ef/url {}
2019-06-21 19:51:25 [urllib3.connectionpool] DEBUG: http://127.0.0.1:17678 "GET /session/a4ba55aa-7885-4859-9bbb-003d49fc04ef/url HTTP/1.1" 200 174
2019-06-21 19:51:25 [selenium.webdriver.remote.remote_connection] DEBUG: Finished Request
2019-06-21 19:51:25 [scrapy.core.engine] DEBUG: Crawled (200) <GET https://search.naver.com/search.naver?ie=utf8&where=news&query=%EB%B2%84%EC%84%9D&sm=tab_pge&sort=1&photo=0&field=0&pd=3&ds=2019.06.21&de=2019.06.21&qvt=0&start=1> (referer: None)
2019-06-21 19:51:25 [selenium.webdriver.remote.remote_connection] DEBUG: POST http://127.0.0.1:17678/session/a4ba55aa-7885-4859-9bbb-003d49fc04ef/url {"url": "https://search.naver.com/search.naver?ie=utf8&where=news&query=%EB%B2%84%EC%84%AD&sm=tab_pge&sort=1&photo=0&field=0&pd=3&ds=2019.06.21&de=2019.06.21&qvt=0&start=1"}
2019-06-21 19:51:27 [urllib3.connectionpool] DEBUG: http://127.0.0.1:17678 "POST /session/a4ba55aa-7885-4859-9bbb-003d49fc04ef/url HTTP/1.1" 200 14
2019-06-21 19:51:27 [selenium.webdriver.remote.remote_connection] DEBUG: Finished Request
2019-06-21 19:51:27 [selenium.webdriver.remote.remote_connection] DEBUG: GET http://127.0.0.1:17678/session/a4ba55aa-7885-4859-9bbb-003d49fc04ef/source {}
2019-06-21 19:51:28 [urllib3.connectionpool] DEBUG: http://127.0.0.1:17678 "GET /session/a4ba55aa-7885-4859-9bbb-003d49fc04ef/source HTTP/1.1" 200 652304
2019-06-21 19:51:28 [selenium.webdriver.remote.remote_connection] DEBUG: Finished Request
2019-06-21 19:51:28 [selenium.webdriver.remote.remote_connection] DEBUG: GET http://127.0.0.1:17678/session/a4ba55aa-7885-4859-9bbb-003d49fc04ef/url {}
2019-06-21 19:51:28 [urllib3.connectionpool] DEBUG: http://127.0.0.1:17678 "GET /session/a4ba55aa-7885-4859-9bbb-003d49fc04ef/url HTTP/1.1" 200 174
2019-06-21 19:51:28 [selenium.webdriver.remote.remote_connection] DEBUG: Finished Request
2019-06-21 19:51:28 [scrapy.core.engine] DEBUG: Crawled (200) <GET https://search.naver.com/search.naver?ie=utf8&where=news&query=%EB%B2%84%EC%84%AD&sm=tab_pge&sort=1&photo=0&field=0&pd=3&ds=2019.06.21&de=2019.06.21&qvt=0&start=1> (referer: None)
2019-06-21 19:51:28 [selenium.webdriver.remote.remote_connection] DEBUG: POST http://127.0.0.1:17678/session/a4ba55aa-7885-4859-9bbb-003d49fc04ef/url {"url": "https://search.naver.com/search.naver?ie=utf8&where=news&query=carrot&sm=tab_pge&sort=1&photo=0&field=0&pd=3&ds=2019.06.21&de=2019.06.21&qvt=0&start=1"}
2019-06-21 19:51:29 [urllib3.connectionpool] DEBUG: http://127.0.0.1:17678 "POST /session/a4ba55aa-7885-4859-9bbb-003d49fc04ef/url HTTP/1.1" 200 14
2019-06-21 19:51:29 [selenium.webdriver.remote.remote_connection] DEBUG: Finished Request
2019-06-21 19:51:29 [selenium.webdriver.remote.remote_connection] DEBUG: GET http://127.0.0.1:17678/session/a4ba55aa-7885-4859-9bbb-003d49fc04ef/source {}
2019-06-21 19:51:29 [urllib3.connectionpool] DEBUG: http://127.0.0.1:17678 "GET /session/a4ba55aa-7885-4859-9bbb-003d49fc04ef/source HTTP/1.1" 200 656101
2019-06-21 19:51:29 [selenium.webdriver.remote.remote_connection] DEBUG: Finished Request
2019-06-21 19:51:29 [selenium.webdriver.remote.remote_connection] DEBUG: GET http://127.0.0.1:17678/session/a4ba55aa-7885-4859-9bbb-003d49fc04ef/url {}
2019-06-21 19:51:29 [urllib3.connectionpool] DEBUG: http://127.0.0.1:17678 "GET /session/a4ba55aa-7885-4859-9bbb-003d49fc04ef/url HTTP/1.1" 200 162
2019-06-21 19:51:29 [selenium.webdriver.remote.remote_connection] DEBUG: Finished Request
2019-06-21 19:51:29 [scrapy.core.engine] DEBUG: Crawled (200) <GET https://search.naver.com/search.naver?ie=utf8&where=news&query=carrot&sm=tab_pge&sort=1&photo=0&field=0&pd=3&ds=2019.06.21&de=2019.06.21&qvt=0&start=1> (referer: None)
2019-06-21 19:51:29 [selenium.webdriver.remote.remote_connection] DEBUG: POST http://127.0.0.1:17678/session/a4ba55aa-7885-4859-9bbb-003d49fc04ef/url {"url": "https://search.naver.com/search.naver?ie=utf8&where=news&query=%EB%A8%B8%EC%89%AC%EB%A3%B8&sm=tab_pge&sort=1&photo=0&field=0&pd=3&ds=2019.06.21&de=2019.06.21&qvt=0&start=1"}
2019-06-21 19:51:31 [urllib3.connectionpool] DEBUG: http://127.0.0.1:17678 "POST /session/a4ba55aa-7885-4859-9bbb-003d49fc04ef/url HTTP/1.1" 200 14
2019-06-21 19:51:31 [selenium.webdriver.remote.remote_connection] DEBUG: Finished Request
2019-06-21 19:51:31 [selenium.webdriver.remote.remote_connection] DEBUG: GET http://127.0.0.1:17678/session/a4ba55aa-7885-4859-9bbb-003d49fc04ef/source {}
2019-06-21 19:51:31 [urllib3.connectionpool] DEBUG: http://127.0.0.1:17678 "GET /session/a4ba55aa-7885-4859-9bbb-003d49fc04ef/source HTTP/1.1" 200 658045
2019-06-21 19:51:31 [selenium.webdriver.remote.remote_connection] DEBUG: Finished Request
2019-06-21 19:51:31 [selenium.webdriver.remote.remote_connection] DEBUG: GET http://127.0.0.1:17678/session/a4ba55aa-7885-4859-9bbb-003d49fc04ef/url {}
2019-06-21 19:51:31 [urllib3.connectionpool] DEBUG: http://127.0.0.1:17678 "GET /session/a4ba55aa-7885-4859-9bbb-003d49fc04ef/url HTTP/1.1" 200 183
2019-06-21 19:51:31 [selenium.webdriver.remote.remote_connection] DEBUG: Finished Request
2019-06-21 19:51:31 [scrapy.core.engine] DEBUG: Crawled (200) <GET https://search.naver.com/search.naver?ie=utf8&where=news&query=%EB%A8%B8%EC%89%AC%EB%A3%B8&sm=tab_pge&sort=1&photo=0&field=0&pd=3&ds=2019.06.21&de=2019.06.21&qvt=0&start=1> (referer: None)
2019-06-21 19:51:31 [selenium.webdriver.remote.remote_connection] DEBUG: POST http://127.0.0.1:17678/session/a4ba55aa-7885-4859-9bbb-003d49fc04ef/url {"url": "https://search.naver.com/search.naver?ie=utf8&where=news&query=%EB%B2%84%EC%8A%B7&sm=tab_pge&sort=1&photo=0&field=0&pd=3&ds=2019.06.21&de=2019.06.21&qvt=0&start=1"}
2019-06-21 19:51:32 [urllib3.connectionpool] DEBUG: http://127.0.0.1:17678 "POST /session/a4ba55aa-7885-4859-9bbb-003d49fc04ef/url HTTP/1.1" 200 14
2019-06-21 19:51:32 [selenium.webdriver.remote.remote_connection] DEBUG: Finished Request
2019-06-21 19:51:32 [selenium.webdriver.remote.remote_connection] DEBUG: GET http://127.0.0.1:17678/session/a4ba55aa-7885-4859-9bbb-003d49fc04ef/source {}
2019-06-21 19:51:32 [urllib3.connectionpool] DEBUG: http://127.0.0.1:17678 "GET /session/a4ba55aa-7885-4859-9bbb-003d49fc04ef/source HTTP/1.1" 200 652304
2019-06-21 19:51:32 [selenium.webdriver.remote.remote_connection] DEBUG: Finished Request
2019-06-21 19:51:32 [selenium.webdriver.remote.remote_connection] DEBUG: GET http://127.0.0.1:17678/session/a4ba55aa-7885-4859-9bbb-003d49fc04ef/url {}
2019-06-21 19:51:32 [urllib3.connectionpool] DEBUG: http://127.0.0.1:17678 "GET /session/a4ba55aa-7885-4859-9bbb-003d49fc04ef/url HTTP/1.1" 200 174
2019-06-21 19:51:32 [selenium.webdriver.remote.remote_connection] DEBUG: Finished Request
2019-06-21 19:51:32 [scrapy.core.engine] DEBUG: Crawled (200) <GET https://search.naver.com/search.naver?ie=utf8&where=news&query=%EB%B2%84%EC%8A%B7&sm=tab_pge&sort=1&photo=0&field=0&pd=3&ds=2019.06.21&de=2019.06.21&qvt=0&start=1> (referer: None)
2019-06-21 19:51:32 [selenium.webdriver.remote.remote_connection] DEBUG: POST http://127.0.0.1:17678/session/a4ba55aa-7885-4859-9bbb-003d49fc04ef/url {"url": "https://search.naver.com/search.naver?ie=utf8&where=news&query=mushroom&sm=tab_pge&sort=1&photo=0&field=0&pd=3&ds=2019.06.21&de=2019.06.21&qvt=0&start=1"}
2019-06-21 19:51:33 [urllib3.connectionpool] DEBUG: http://127.0.0.1:17678 "POST /session/a4ba55aa-7885-4859-9bbb-003d49fc04ef/url HTTP/1.1" 200 14
2019-06-21 19:51:33 [selenium.webdriver.remote.remote_connection] DEBUG: Finished Request
2019-06-21 19:51:33 [selenium.webdriver.remote.remote_connection] DEBUG: GET http://127.0.0.1:17678/session/a4ba55aa-7885-4859-9bbb-003d49fc04ef/source {}
2019-06-21 19:51:33 [urllib3.connectionpool] DEBUG: http://127.0.0.1:17678 "GET /session/a4ba55aa-7885-4859-9bbb-003d49fc04ef/source HTTP/1.1" 200 657650
2019-06-21 19:51:33 [selenium.webdriver.remote.remote_connection] DEBUG: Finished Request
2019-06-21 19:51:33 [selenium.webdriver.remote.remote_connection] DEBUG: GET http://127.0.0.1:17678/session/a4ba55aa-7885-4859-9bbb-003d49fc04ef/url {}
2019-06-21 19:51:33 [urllib3.connectionpool] DEBUG: http://127.0.0.1:17678 "GET /session/a4ba55aa-7885-4859-9bbb-003d49fc04ef/url HTTP/1.1" 200 164
2019-06-21 19:51:33 [selenium.webdriver.remote.remote_connection] DEBUG: Finished Request
2019-06-21 19:51:33 [scrapy.core.engine] DEBUG: Crawled (200) <GET https://search.naver.com/search.naver?ie=utf8&where=news&query=mushroom&sm=tab_pge&sort=1&photo=0&field=0&pd=3&ds=2019.06.21&de=2019.06.21&qvt=0&start=1> (referer: None)
2019-06-21 19:51:33 [selenium.webdriver.remote.remote_connection] DEBUG: POST http://127.0.0.1:17678/session/a4ba55aa-7885-4859-9bbb-003d49fc04ef/url {"url": "https://search.naver.com/search.naver?ie=utf8&where=news&query=%EB%A8%B8%EC%8B%9C%EB%A3%B8&sm=tab_pge&sort=1&photo=0&field=0&pd=3&ds=2019.06.21&de=2019.06.21&qvt=0&start=1"}
2019-06-21 19:51:35 [urllib3.connectionpool] DEBUG: http://127.0.0.1:17678 "POST /session/a4ba55aa-7885-4859-9bbb-003d49fc04ef/url HTTP/1.1" 200 14
2019-06-21 19:51:35 [selenium.webdriver.remote.remote_connection] DEBUG: Finished Request
2019-06-21 19:51:35 [selenium.webdriver.remote.remote_connection] DEBUG: GET http://127.0.0.1:17678/session/a4ba55aa-7885-4859-9bbb-003d49fc04ef/source {}
2019-06-21 19:51:35 [urllib3.connectionpool] DEBUG: http://127.0.0.1:17678 "GET /session/a4ba55aa-7885-4859-9bbb-003d49fc04ef/source HTTP/1.1" 200 656665
2019-06-21 19:51:35 [selenium.webdriver.remote.remote_connection] DEBUG: Finished Request
2019-06-21 19:51:35 [selenium.webdriver.remote.remote_connection] DEBUG: GET http://127.0.0.1:17678/session/a4ba55aa-7885-4859-9bbb-003d49fc04ef/url {}
2019-06-21 19:51:35 [urllib3.connectionpool] DEBUG: http://127.0.0.1:17678 "GET /session/a4ba55aa-7885-4859-9bbb-003d49fc04ef/url HTTP/1.1" 200 183
2019-06-21 19:51:35 [selenium.webdriver.remote.remote_connection] DEBUG: Finished Request
2019-06-21 19:51:35 [scrapy.core.engine] DEBUG: Crawled (200) <GET https://search.naver.com/search.naver?ie=utf8&where=news&query=%EB%A8%B8%EC%8B%9C%EB%A3%B8&sm=tab_pge&sort=1&photo=0&field=0&pd=3&ds=2019.06.21&de=2019.06.21&qvt=0&start=1> (referer: None)
2019-06-21 19:51:35 [selenium.webdriver.remote.remote_connection] DEBUG: POST http://127.0.0.1:17678/session/a4ba55aa-7885-4859-9bbb-003d49fc04ef/url {"url": "https://search.naver.com/search.naver?ie=utf8&where=news&query=%EB%B2%84%EC%84%AF&sm=tab_pge&sort=1&photo=0&field=0&pd=3&ds=2019.06.21&de=2019.06.21&qvt=0&start=1"}
2019-06-21 19:51:36 [urllib3.connectionpool] DEBUG: http://127.0.0.1:17678 "POST /session/a4ba55aa-7885-4859-9bbb-003d49fc04ef/url HTTP/1.1" 200 14
2019-06-21 19:51:36 [selenium.webdriver.remote.remote_connection] DEBUG: Finished Request
2019-06-21 19:51:36 [selenium.webdriver.remote.remote_connection] DEBUG: GET http://127.0.0.1:17678/session/a4ba55aa-7885-4859-9bbb-003d49fc04ef/source {}
2019-06-21 19:51:36 [urllib3.connectionpool] DEBUG: http://127.0.0.1:17678 "GET /session/a4ba55aa-7885-4859-9bbb-003d49fc04ef/source HTTP/1.1" 200 680115
2019-06-21 19:51:36 [selenium.webdriver.remote.remote_connection] DEBUG: Finished Request
2019-06-21 19:51:36 [selenium.webdriver.remote.remote_connection] DEBUG: GET http://127.0.0.1:17678/session/a4ba55aa-7885-4859-9bbb-003d49fc04ef/url {}
2019-06-21 19:51:36 [urllib3.connectionpool] DEBUG: http://127.0.0.1:17678 "GET /session/a4ba55aa-7885-4859-9bbb-003d49fc04ef/url HTTP/1.1" 200 174
2019-06-21 19:51:36 [selenium.webdriver.remote.remote_connection] DEBUG: Finished Request
2019-06-21 19:51:36 [scrapy.core.engine] DEBUG: Crawled (200) <GET https://search.naver.com/search.naver?ie=utf8&where=news&query=%EB%B2%84%EC%84%AF&sm=tab_pge&sort=1&photo=0&field=0&pd=3&ds=2019.06.21&de=2019.06.21&qvt=0&start=1> (referer: None)
2019-06-21 19:51:37 [naver_news] WARNING: https://news.naver.com/main/read.nhn?mode=LSD&mid=sec&sid1=106&oid=109&aid=0004034320
2019-06-21 19:51:37 [naver_news] WARNING: https://news.naver.com/main/read.nhn?mode=LSD&mid=sec&sid1=102&oid=003&aid=0009300486
2019-06-21 19:51:37 [scrapy.downloadermiddlewares.redirect] DEBUG: Redirecting (301) to <GET http://entertain.naver.com/read?oid=109&aid=0004034320> from <GET https://news.naver.com/main/read.nhn?mode=LSD&mid=sec&sid1=106&oid=109&aid=0004034320>
2019-06-21 19:51:37 [scrapy.downloadermiddlewares.redirect] DEBUG: Redirecting (302) to <GET https://entertain.naver.com/read?oid=109&aid=0004034320> from <GET http://entertain.naver.com/read?oid=109&aid=0004034320>
2019-06-21 19:51:37 [selenium.webdriver.remote.remote_connection] DEBUG: POST http://127.0.0.1:17678/session/a4ba55aa-7885-4859-9bbb-003d49fc04ef/url {"url": "https://news.naver.com/main/read.nhn?mode=LSD&mid=sec&sid1=102&oid=003&aid=0009300486"}
2019-06-21 19:51:38 [urllib3.connectionpool] DEBUG: http://127.0.0.1:17678 "POST /session/a4ba55aa-7885-4859-9bbb-003d49fc04ef/url HTTP/1.1" 200 14
2019-06-21 19:51:38 [selenium.webdriver.remote.remote_connection] DEBUG: Finished Request
2019-06-21 19:51:38 [selenium.webdriver.remote.remote_connection] DEBUG: GET http://127.0.0.1:17678/session/a4ba55aa-7885-4859-9bbb-003d49fc04ef/source {}
2019-06-21 19:51:38 [urllib3.connectionpool] DEBUG: http://127.0.0.1:17678 "GET /session/a4ba55aa-7885-4859-9bbb-003d49fc04ef/source HTTP/1.1" 200 143490
2019-06-21 19:51:38 [selenium.webdriver.remote.remote_connection] DEBUG: Finished Request
2019-06-21 19:51:38 [selenium.webdriver.remote.remote_connection] DEBUG: GET http://127.0.0.1:17678/session/a4ba55aa-7885-4859-9bbb-003d49fc04ef/url {}
2019-06-21 19:51:38 [urllib3.connectionpool] DEBUG: http://127.0.0.1:17678 "GET /session/a4ba55aa-7885-4859-9bbb-003d49fc04ef/url HTTP/1.1" 200 97
2019-06-21 19:51:38 [selenium.webdriver.remote.remote_connection] DEBUG: Finished Request
2019-06-21 19:51:38 [scrapy.core.engine] DEBUG: Crawled (200) <GET https://news.naver.com/main/read.nhn?mode=LSD&mid=sec&sid1=102&oid=003&aid=0009300486> (referer: https://search.naver.com/search.naver?ie=utf8&where=news&query=%EB%B2%84%EC%84%AF&sm=tab_pge&sort=1&photo=0&field=0&pd=3&ds=2019.06.21&de=2019.06.21&qvt=0&start=1)
2019-06-21 19:51:38 [selenium.webdriver.remote.remote_connection] DEBUG: POST http://127.0.0.1:17678/session/a4ba55aa-7885-4859-9bbb-003d49fc04ef/url {"url": "https://search.naver.com/search.naver?ie=utf8&where=news&query=%EB%B2%84%EC%84%AF&sm=tab_pge&sort=1&photo=0&field=0&pd=3&ds=2019.06.21&de=2019.06.21&qvt=0&start=11"}
2019-06-21 19:51:39 [urllib3.connectionpool] DEBUG: http://127.0.0.1:17678 "POST /session/a4ba55aa-7885-4859-9bbb-003d49fc04ef/url HTTP/1.1" 200 14
2019-06-21 19:51:39 [selenium.webdriver.remote.remote_connection] DEBUG: Finished Request
2019-06-21 19:51:39 [selenium.webdriver.remote.remote_connection] DEBUG: GET http://127.0.0.1:17678/session/a4ba55aa-7885-4859-9bbb-003d49fc04ef/source {}
2019-06-21 19:51:39 [urllib3.connectionpool] DEBUG: http://127.0.0.1:17678 "GET /session/a4ba55aa-7885-4859-9bbb-003d49fc04ef/source HTTP/1.1" 200 681588
2019-06-21 19:51:39 [selenium.webdriver.remote.remote_connection] DEBUG: Finished Request
2019-06-21 19:51:39 [selenium.webdriver.remote.remote_connection] DEBUG: GET http://127.0.0.1:17678/session/a4ba55aa-7885-4859-9bbb-003d49fc04ef/url {}
2019-06-21 19:51:39 [urllib3.connectionpool] DEBUG: http://127.0.0.1:17678 "GET /session/a4ba55aa-7885-4859-9bbb-003d49fc04ef/url HTTP/1.1" 200 175
2019-06-21 19:51:39 [selenium.webdriver.remote.remote_connection] DEBUG: Finished Request
2019-06-21 19:51:39 [scrapy.core.engine] DEBUG: Crawled (200) <GET https://search.naver.com/search.naver?ie=utf8&where=news&query=%EB%B2%84%EC%84%AF&sm=tab_pge&sort=1&photo=0&field=0&pd=3&ds=2019.06.21&de=2019.06.21&qvt=0&start=11> (referer: https://search.naver.com/search.naver?ie=utf8&where=news&query=%EB%B2%84%EC%84%AF&sm=tab_pge&sort=1&photo=0&field=0&pd=3&ds=2019.06.21&de=2019.06.21&qvt=0&start=1)
2019-06-21 19:51:39 [djongo.sql2mongo.query] DEBUG: params: ('f1d31e5e-45aa-4313-b4e1-9997976a3bd9',)
2019-06-21 19:51:39 [djongo.sql2mongo.query] DEBUG: 
 sql_command: SELECT "iCrawler_mycollection"."id", "iCrawler_mycollection"."unique_id", "iCrawler_mycollection"."jobids", "iCrawler_mycollection"."search_keyword", "iCrawler_mycollection"."channel_broadcast", "iCrawler_mycollection"."channel_published", "iCrawler_mycollection"."channel_blog", "iCrawler_mycollection"."channel_sns", "iCrawler_mycollection"."start_date", "iCrawler_mycollection"."end_date", "iCrawler_mycollection"."user_ip", "iCrawler_mycollection"."user_agent", "iCrawler_mycollection"."status", "iCrawler_mycollection"."created_date" FROM "iCrawler_mycollection" WHERE "iCrawler_mycollection"."unique_id" = %(0)s
2019-06-21 19:51:39 [djongo.sql2mongo.query] DEBUG: Find query: {'filter': {'unique_id': {'$eq': 'f1d31e5e-45aa-4313-b4e1-9997976a3bd9'}}, 'projection': ['id', 'unique_id', 'jobids', 'search_keyword', 'channel_broadcast', 'channel_published', 'channel_blog', 'channel_sns', 'start_date', 'end_date', 'user_ip', 'user_agent', 'status', 'created_date']}
2019-06-21 19:51:39 [djongo.sql2mongo.query] DEBUG: params: ('https://news.naver.com/main/read.nhn?mode=LSD&mid=sec&sid1=102&oid=003&aid=0009300486',)
2019-06-21 19:51:39 [djongo.sql2mongo.query] DEBUG: 
 sql_command: SELECT "iCrawler_navernews"."id", "iCrawler_navernews"."unique_id", "iCrawler_navernews"."search_keyword", "iCrawler_navernews"."origin_keyword", "iCrawler_navernews"."item_type", "iCrawler_navernews"."category", "iCrawler_navernews"."sub_category", "iCrawler_navernews"."url", "iCrawler_navernews"."title", "iCrawler_navernews"."publisher", "iCrawler_navernews"."original_link", "iCrawler_navernews"."date", "iCrawler_navernews"."content", "iCrawler_navernews"."no_emotions", "iCrawler_navernews"."no_e_likes", "iCrawler_navernews"."no_e_warms", "iCrawler_navernews"."no_e_sads", "iCrawler_navernews"."no_e_angries", "iCrawler_navernews"."no_e_wants", "iCrawler_navernews"."no_images", "iCrawler_navernews"."no_comments", "iCrawler_navernews"."created_date" FROM "iCrawler_navernews" WHERE "iCrawler_navernews"."url" = %(0)s
2019-06-21 19:51:39 [djongo.sql2mongo.query] DEBUG: Find query: {'filter': {'url': {'$eq': 'https://news.naver.com/main/read.nhn?mode=LSD&mid=sec&sid1=102&oid=003&aid=0009300486'}}, 'projection': ['id', 'unique_id', 'search_keyword', 'origin_keyword', 'item_type', 'category', 'sub_category', 'url', 'title', 'publisher', 'original_link', 'date', 'content', 'no_emotions', 'no_e_likes', 'no_e_warms', 'no_e_sads', 'no_e_angries', 'no_e_wants', 'no_images', 'no_comments', 'created_date']}
2019-06-21 19:51:39 [djongo.sql2mongo.query] DEBUG: params: [None, '버섯', '버섯', 'news', 'news', 'news', 'https://news.naver.com/main/read.nhn?mode=LSD&mid=sec&sid1=102&oid=003&aid=0009300486', '현대제철 인천공장 ‘디딤쇠 봉사단’ 사랑의 영양죽 전달', '뉴시스', '', '2019-06-21 06:18:00', '// flash 오류를 우회하기 위한 함수 추가 function _flash_removeCallback() {} 【인천=뉴시스】 함상환 기자 = 현대제철 인천공장 디딤쇠 봉사단이 지난 달에 이어 송림종합사회복지관에서 봉사활동에 나섰다고 21일 밝혔다. 사랑의 영양죽 만들기 봉사활동에서 임직원 봉사자들은 보온용기, 반찬통, 죽에 넣을 재료 및 채소들을 구매했으며 지난달과 다른 메뉴로 구성해 대상자들에게 새로움을 전달했다.봉사자들은 다진 소고기를 손수 볶고 채소를 잘게 다져 죽 만들기 밑작업을 했다. 또 미리 불려놓은 쌀과 물을 넣어 끓이다 고기와 채소를 넣고 마무리 했다. 봉사자들은 더운 날씨에도 뜨거운 불 앞에서 계속 저어가며 영양듬뿍 소고기버섯죽 20인분을 완성했다. 이날 만들어진 전복죽을 보온 용기에 담아 2통씩 독거노인 10명에게 전달했다. 현대제철 디딤쇠 봉사단은 매월 송림종합사회복지관과 함께 독거노인 가구에 꾸준히 영양죽을 만들어 이웃 주민에게 사랑을 전하고 있다.hsh3355@newsis.com▶ 네이버에서 뉴시스 채널 구독하기▶ 뉴시스 빅데이터 MSI 주가시세표 바로가기 <저작권자ⓒ 공감언론 뉴시스통신사. 무단전재-재배포 금지.>', 0, 0, 0, 0, 0, 0, 0, 0, datetime.datetime(2019, 6, 21, 10, 51, 39, 968901)]
2019-06-21 19:51:39 [djongo.sql2mongo.query] DEBUG: 
 sql_command: INSERT INTO "iCrawler_navernews" ("unique_id", "search_keyword", "origin_keyword", "item_type", "category", "sub_category", "url", "title", "publisher", "original_link", "date", "content", "no_emotions", "no_e_likes", "no_e_warms", "no_e_sads", "no_e_angries", "no_e_wants", "no_images", "no_comments", "created_date") VALUES (%(0)s, %(1)s, %(2)s, %(3)s, %(4)s, %(5)s, %(6)s, %(7)s, %(8)s, %(9)s, %(10)s, %(11)s, %(12)s, %(13)s, %(14)s, %(15)s, %(16)s, %(17)s, %(18)s, %(19)s, %(20)s)
2019-06-21 19:51:39 [djongo.sql2mongo.query] DEBUG: insert ids [ObjectId('5d0cb6bbbebf7b34906bd872')]
2019-06-21 19:51:39 [djongo.sql2mongo.query] DEBUG: params: [365, None, 113, None, None, datetime.datetime(2019, 6, 21, 10, 51, 39, 989846)]
2019-06-21 19:51:39 [djongo.sql2mongo.query] DEBUG: 
 sql_command: INSERT INTO "iCrawler_mycollectiondetail" ("collection_id", "twitter_id", "naver_news_id", "naver_blog_id", "daum_blog_id", "created_date") VALUES (%(0)s, %(1)s, %(2)s, %(3)s, %(4)s, %(5)s)
2019-06-21 19:51:39 [djongo.sql2mongo.query] DEBUG: insert ids [ObjectId('5d0cb6bbbebf7b34906bd873')]
2019-06-21 19:51:39 [scrapy.core.scraper] DEBUG: Scraped from <200 https://news.naver.com/main/read.nhn?mode=LSD&mid=sec&sid1=102&oid=003&aid=0009300486>
{'category': 'news',
 'channel': 'news',
 'channel_sub': '뉴시스',
 'content': '// flash 오류를 우회하기 위한 함수 추가 function _flash_removeCallback() {} '
            '【인천=뉴시스】 함상환 기자 = 현대제철 인천공장 디딤쇠 봉사단이 지난 달에 이어 송림종합사회복지관에서 봉사활동에 '
            '나섰다고 21일 밝혔다. 사랑의 영양죽 만들기 봉사활동에서 임직원 봉사자들은 보온용기, 반찬통, 죽에 넣을 재료 및 '
            '채소들을 구매했으며 지난달과 다른 메뉴로 구성해 대상자들에게 새로움을 전달했다.봉사자들은 다진 소고기를 손수 볶고 '
            '채소를 잘게 다져 죽 만들기 밑작업을 했다. 또 미리 불려놓은 쌀과 물을 넣어 끓이다 고기와 채소를 넣고 마무리 '
            '했다. 봉사자들은 더운 날씨에도 뜨거운 불 앞에서 계속 저어가며 영양듬뿍 소고기버섯죽 20인분을 완성했다. 이날 '
            '만들어진 전복죽을 보온 용기에 담아 2통씩 독거노인 10명에게 전달했다. 현대제철 디딤쇠 봉사단은 매월 '
            '송림종합사회복지관과 함께 독거노인 가구에 꾸준히 영양죽을 만들어 이웃 주민에게 사랑을 전하고 '
            '있다.hsh3355@newsis.com▶ 네이버에서 뉴시스 채널 구독하기▶ 뉴시스 빅데이터 MSI 주가시세표 바로가기 '
            '<저작권자ⓒ 공감언론 뉴시스통신사. 무단전재-재배포 금지.>',
 'date': datetime.datetime(2019, 6, 21, 6, 18),
 'itemType': 'news',
 'noComments': 0,
 'noEAngries': 0,
 'noELikes': 0,
 'noESads': 0,
 'noEWants': 0,
 'noEWarms': 0,
 'noEmotions': 0,
 'noImages': 0,
 'originKeyword': '버섯',
 'originalLink': '',
 'publisher': '뉴시스',
 'searchKeyword': '버섯',
 'subCategory': 'news',
 'title': '현대제철 인천공장 ‘디딤쇠 봉사단’ 사랑의 영양죽 전달',
 'url': 'https://news.naver.com/main/read.nhn?mode=LSD&mid=sec&sid1=102&oid=003&aid=0009300486'}
2019-06-21 19:51:40 [selenium.webdriver.remote.remote_connection] DEBUG: POST http://127.0.0.1:17678/session/a4ba55aa-7885-4859-9bbb-003d49fc04ef/url {"url": "https://entertain.naver.com/read?oid=109&aid=0004034320"}
2019-06-21 19:53:10 [urllib3.connectionpool] DEBUG: http://127.0.0.1:17678 "POST /session/a4ba55aa-7885-4859-9bbb-003d49fc04ef/url HTTP/1.1" 200 14
2019-06-21 19:53:10 [selenium.webdriver.remote.remote_connection] DEBUG: Finished Request
2019-06-21 19:53:10 [selenium.webdriver.remote.remote_connection] DEBUG: GET http://127.0.0.1:17678/session/a4ba55aa-7885-4859-9bbb-003d49fc04ef/source {}
2019-06-21 19:53:10 [urllib3.connectionpool] DEBUG: http://127.0.0.1:17678 "GET /session/a4ba55aa-7885-4859-9bbb-003d49fc04ef/source HTTP/1.1" 404 712
2019-06-21 19:53:10 [selenium.webdriver.remote.remote_connection] DEBUG: Finished Request
2019-06-21 19:53:10 [scrapy.extensions.logstats] INFO: Crawled 10 pages (at 10 pages/min), scraped 1 items (at 1 items/min)
2019-06-21 19:53:10 [naver_news] WARNING: http://sports.news.naver.com/esports/news/read.nhn?oid=442&aid=0000101521
2019-06-21 19:53:10 [naver_news] WARNING: https://news.naver.com/main/read.nhn?mode=LSD&mid=sec&sid1=106&oid=009&aid=0004378075
2019-06-21 19:53:10 [scrapy.core.scraper] ERROR: Error downloading <GET https://entertain.naver.com/read?oid=109&aid=0004034320>
Traceback (most recent call last):
  File "c:\users\teo\appdata\local\programs\python\python37-32\lib\site-packages\twisted\internet\defer.py", line 1418, in _inlineCallbacks
    result = g.send(result)
  File "c:\users\teo\appdata\local\programs\python\python37-32\lib\site-packages\scrapy\core\downloader\middleware.py", line 43, in process_request
    defer.returnValue((yield download_func(request=request,spider=spider)))
  File "c:\users\teo\appdata\local\programs\python\python37-32\lib\site-packages\twisted\internet\defer.py", line 1362, in returnValue
    raise _DefGen_Return(val)
twisted.internet.defer._DefGen_Return: <200 https://entertain.naver.com/read?oid=109&aid=0004034320>

During handling of the above exception, another exception occurred:

Traceback (most recent call last):
  File "c:\users\teo\appdata\local\programs\python\python37-32\lib\site-packages\twisted\internet\defer.py", line 1418, in _inlineCallbacks
    result = g.send(result)
  File "c:\users\teo\appdata\local\programs\python\python37-32\lib\site-packages\scrapy\core\downloader\middleware.py", line 53, in process_response
    spider=spider)
  File "C:\Users\Teo\Desktop\Coding\django\adminingDJ\scrappy_app\scrappy_app\middlewares.py", line 132, in process_response
    body = str.encode(self.browser.page_source)
  File "c:\users\teo\appdata\local\programs\python\python37-32\lib\site-packages\selenium\webdriver\remote\webdriver.py", line 679, in page_source
    return self.execute(Command.GET_PAGE_SOURCE)['value']
  File "c:\users\teo\appdata\local\programs\python\python37-32\lib\site-packages\selenium\webdriver\remote\webdriver.py", line 321, in execute
    self.error_handler.check_response(response)
  File "c:\users\teo\appdata\local\programs\python\python37-32\lib\site-packages\selenium\webdriver\remote\errorhandler.py", line 242, in check_response
    raise exception_class(message, screen, stacktrace)
selenium.common.exceptions.NoSuchWindowException: Message: Browsing context has been discarded

2019-06-21 19:53:10 [scrapy.downloadermiddlewares.redirect] DEBUG: Redirecting (302) to <GET https://sports.news.naver.com/esports/news/read.nhn?oid=442&aid=0000101521> from <GET http://sports.news.naver.com/esports/news/read.nhn?oid=442&aid=0000101521>
2019-06-21 19:53:10 [scrapy.downloadermiddlewares.redirect] DEBUG: Redirecting (301) to <GET http://entertain.naver.com/read?oid=009&aid=0004378075> from <GET https://news.naver.com/main/read.nhn?mode=LSD&mid=sec&sid1=106&oid=009&aid=0004378075>
2019-06-21 19:53:10 [scrapy.downloadermiddlewares.redirect] DEBUG: Redirecting (302) to <GET https://entertain.naver.com/read?oid=009&aid=0004378075> from <GET http://entertain.naver.com/read?oid=009&aid=0004378075>
2019-06-21 19:53:10 [selenium.webdriver.remote.remote_connection] DEBUG: POST http://127.0.0.1:17678/session/a4ba55aa-7885-4859-9bbb-003d49fc04ef/url {"url": "https://sports.news.naver.com/esports/news/read.nhn?oid=442&aid=0000101521"}
2019-06-21 19:53:13 [urllib3.connectionpool] DEBUG: http://127.0.0.1:17678 "POST /session/a4ba55aa-7885-4859-9bbb-003d49fc04ef/url HTTP/1.1" 500 105
2019-06-21 19:53:13 [selenium.webdriver.remote.remote_connection] DEBUG: Finished Request
2019-06-21 19:53:13 [selenium.webdriver.remote.remote_connection] DEBUG: POST http://127.0.0.1:17678/session/a4ba55aa-7885-4859-9bbb-003d49fc04ef/url {"url": "https://entertain.naver.com/read?oid=009&aid=0004378075"}
2019-06-21 19:53:13 [urllib3.connectionpool] DEBUG: http://127.0.0.1:17678 "POST /session/a4ba55aa-7885-4859-9bbb-003d49fc04ef/url HTTP/1.1" 404 123
2019-06-21 19:53:13 [selenium.webdriver.remote.remote_connection] DEBUG: Finished Request
2019-06-21 19:53:13 [selenium.webdriver.remote.remote_connection] DEBUG: POST http://127.0.0.1:17678/session/a4ba55aa-7885-4859-9bbb-003d49fc04ef/url {"url": "https://search.naver.com/search.naver?ie=utf8&where=news&query=%EB%B2%84%EC%84%AF&sm=tab_pge&sort=1&photo=0&field=0&pd=3&ds=2019.06.21&de=2019.06.21&qvt=0&start=21"}
2019-06-21 19:53:13 [urllib3.connectionpool] DEBUG: http://127.0.0.1:17678 "POST /session/a4ba55aa-7885-4859-9bbb-003d49fc04ef/url HTTP/1.1" 404 123
2019-06-21 19:53:13 [selenium.webdriver.remote.remote_connection] DEBUG: Finished Request
2019-06-21 19:53:13 [scrapy.core.scraper] ERROR: Error downloading <GET https://sports.news.naver.com/esports/news/read.nhn?oid=442&aid=0000101521>
Traceback (most recent call last):
  File "c:\users\teo\appdata\local\programs\python\python37-32\lib\site-packages\twisted\internet\defer.py", line 1418, in _inlineCallbacks
    result = g.send(result)
  File "c:\users\teo\appdata\local\programs\python\python37-32\lib\site-packages\scrapy\core\downloader\middleware.py", line 43, in process_request
    defer.returnValue((yield download_func(request=request,spider=spider)))
  File "c:\users\teo\appdata\local\programs\python\python37-32\lib\site-packages\twisted\internet\defer.py", line 1362, in returnValue
    raise _DefGen_Return(val)
twisted.internet.defer._DefGen_Return: <200 https://sports.news.naver.com/esports/news/read.nhn?oid=442&aid=0000101521>

During handling of the above exception, another exception occurred:

Traceback (most recent call last):
  File "c:\users\teo\appdata\local\programs\python\python37-32\lib\site-packages\twisted\internet\defer.py", line 1418, in _inlineCallbacks
    result = g.send(result)
  File "c:\users\teo\appdata\local\programs\python\python37-32\lib\site-packages\scrapy\core\downloader\middleware.py", line 53, in process_response
    spider=spider)
  File "C:\Users\Teo\Desktop\Coding\django\adminingDJ\scrappy_app\scrappy_app\middlewares.py", line 131, in process_response
    self.browser.get(request.url)
  File "c:\users\teo\appdata\local\programs\python\python37-32\lib\site-packages\selenium\webdriver\remote\webdriver.py", line 333, in get
    self.execute(Command.GET, {'url': url})
  File "c:\users\teo\appdata\local\programs\python\python37-32\lib\site-packages\selenium\webdriver\remote\webdriver.py", line 321, in execute
    self.error_handler.check_response(response)
  File "c:\users\teo\appdata\local\programs\python\python37-32\lib\site-packages\selenium\webdriver\remote\errorhandler.py", line 242, in check_response
    raise exception_class(message, screen, stacktrace)
selenium.common.exceptions.WebDriverException: Message: Failed to decode response from marionette

2019-06-21 19:53:13 [scrapy.core.scraper] ERROR: Error downloading <GET https://entertain.naver.com/read?oid=009&aid=0004378075>
Traceback (most recent call last):
  File "c:\users\teo\appdata\local\programs\python\python37-32\lib\site-packages\twisted\internet\defer.py", line 1418, in _inlineCallbacks
    result = g.send(result)
  File "c:\users\teo\appdata\local\programs\python\python37-32\lib\site-packages\scrapy\core\downloader\middleware.py", line 43, in process_request
    defer.returnValue((yield download_func(request=request,spider=spider)))
  File "c:\users\teo\appdata\local\programs\python\python37-32\lib\site-packages\twisted\internet\defer.py", line 1362, in returnValue
    raise _DefGen_Return(val)
twisted.internet.defer._DefGen_Return: <200 https://entertain.naver.com/read?oid=009&aid=0004378075>

During handling of the above exception, another exception occurred:

Traceback (most recent call last):
  File "c:\users\teo\appdata\local\programs\python\python37-32\lib\site-packages\twisted\internet\defer.py", line 1418, in _inlineCallbacks
    result = g.send(result)
  File "c:\users\teo\appdata\local\programs\python\python37-32\lib\site-packages\scrapy\core\downloader\middleware.py", line 53, in process_response
    spider=spider)
  File "C:\Users\Teo\Desktop\Coding\django\adminingDJ\scrappy_app\scrappy_app\middlewares.py", line 131, in process_response
    self.browser.get(request.url)
  File "c:\users\teo\appdata\local\programs\python\python37-32\lib\site-packages\selenium\webdriver\remote\webdriver.py", line 333, in get
    self.execute(Command.GET, {'url': url})
  File "c:\users\teo\appdata\local\programs\python\python37-32\lib\site-packages\selenium\webdriver\remote\webdriver.py", line 321, in execute
    self.error_handler.check_response(response)
  File "c:\users\teo\appdata\local\programs\python\python37-32\lib\site-packages\selenium\webdriver\remote\errorhandler.py", line 242, in check_response
    raise exception_class(message, screen, stacktrace)
selenium.common.exceptions.InvalidSessionIdException: Message: Tried to run command without establishing a connection

2019-06-21 19:53:13 [scrapy.core.scraper] ERROR: Error downloading <GET https://search.naver.com/search.naver?ie=utf8&where=news&query=%EB%B2%84%EC%84%AF&sm=tab_pge&sort=1&photo=0&field=0&pd=3&ds=2019.06.21&de=2019.06.21&qvt=0&start=21>
Traceback (most recent call last):
  File "c:\users\teo\appdata\local\programs\python\python37-32\lib\site-packages\twisted\internet\defer.py", line 1418, in _inlineCallbacks
    result = g.send(result)
  File "c:\users\teo\appdata\local\programs\python\python37-32\lib\site-packages\scrapy\core\downloader\middleware.py", line 43, in process_request
    defer.returnValue((yield download_func(request=request,spider=spider)))
  File "c:\users\teo\appdata\local\programs\python\python37-32\lib\site-packages\twisted\internet\defer.py", line 1362, in returnValue
    raise _DefGen_Return(val)
twisted.internet.defer._DefGen_Return: <200 https://search.naver.com/search.naver?ie=utf8&where=news&query=%EB%B2%84%EC%84%AF&sm=tab_pge&sort=1&photo=0&field=0&pd=3&ds=2019.06.21&de=2019.06.21&qvt=0&start=21>

During handling of the above exception, another exception occurred:

Traceback (most recent call last):
  File "c:\users\teo\appdata\local\programs\python\python37-32\lib\site-packages\twisted\internet\defer.py", line 1418, in _inlineCallbacks
    result = g.send(result)
  File "c:\users\teo\appdata\local\programs\python\python37-32\lib\site-packages\scrapy\core\downloader\middleware.py", line 53, in process_response
    spider=spider)
  File "C:\Users\Teo\Desktop\Coding\django\adminingDJ\scrappy_app\scrappy_app\middlewares.py", line 131, in process_response
    self.browser.get(request.url)
  File "c:\users\teo\appdata\local\programs\python\python37-32\lib\site-packages\selenium\webdriver\remote\webdriver.py", line 333, in get
    self.execute(Command.GET, {'url': url})
  File "c:\users\teo\appdata\local\programs\python\python37-32\lib\site-packages\selenium\webdriver\remote\webdriver.py", line 321, in execute
    self.error_handler.check_response(response)
  File "c:\users\teo\appdata\local\programs\python\python37-32\lib\site-packages\selenium\webdriver\remote\errorhandler.py", line 242, in check_response
    raise exception_class(message, screen, stacktrace)
selenium.common.exceptions.InvalidSessionIdException: Message: Tried to run command without establishing a connection

2019-06-21 19:53:13 [scrapy.core.engine] INFO: Closing spider (finished)
2019-06-21 19:53:13 [selenium.webdriver.remote.remote_connection] DEBUG: DELETE http://127.0.0.1:17678/session/a4ba55aa-7885-4859-9bbb-003d49fc04ef/window {}
2019-06-21 19:53:13 [urllib3.connectionpool] DEBUG: http://127.0.0.1:17678 "DELETE /session/a4ba55aa-7885-4859-9bbb-003d49fc04ef/window HTTP/1.1" 404 123
2019-06-21 19:53:13 [selenium.webdriver.remote.remote_connection] DEBUG: Finished Request
2019-06-21 19:53:13 [scrapy.utils.signal] ERROR: Error caught on signal handler: <bound method SeleniumMiddleware.spider_closed of <scrappy_app.middlewares.SeleniumMiddleware object at 0x06AA7CB0>>
Traceback (most recent call last):
  File "c:\users\teo\appdata\local\programs\python\python37-32\lib\site-packages\twisted\internet\defer.py", line 151, in maybeDeferred
    result = f(*args, **kw)
  File "c:\users\teo\appdata\local\programs\python\python37-32\lib\site-packages\pydispatch\robustapply.py", line 55, in robustApply
    return receiver(*arguments, **named)
  File "C:\Users\Teo\Desktop\Coding\django\adminingDJ\scrappy_app\scrappy_app\middlewares.py", line 145, in spider_closed
    self.browser.close()
  File "c:\users\teo\appdata\local\programs\python\python37-32\lib\site-packages\selenium\webdriver\remote\webdriver.py", line 688, in close
    self.execute(Command.CLOSE)
  File "c:\users\teo\appdata\local\programs\python\python37-32\lib\site-packages\selenium\webdriver\remote\webdriver.py", line 321, in execute
    self.error_handler.check_response(response)
  File "c:\users\teo\appdata\local\programs\python\python37-32\lib\site-packages\selenium\webdriver\remote\errorhandler.py", line 242, in check_response
    raise exception_class(message, screen, stacktrace)
selenium.common.exceptions.InvalidSessionIdException: Message: Tried to run command without establishing a connection

2019-06-21 19:53:13 [scrapy.statscollectors] INFO: Dumping Scrapy stats:
{'downloader/request_bytes': 8798,
 'downloader/request_count': 19,
 'downloader/request_method_count/GET': 19,
 'downloader/response_bytes': 1079035,
 'downloader/response_count': 19,
 'downloader/response_status_count/200': 14,
 'downloader/response_status_count/301': 2,
 'downloader/response_status_count/302': 3,
 'finish_reason': 'finished',
 'finish_time': datetime.datetime(2019, 6, 21, 10, 53, 13, 599535),
 'item_scraped_count': 1,
 'log_count/DEBUG': 149,
 'log_count/ERROR': 5,
 'log_count/INFO': 10,
 'log_count/WARNING': 4,
 'request_depth_max': 2,
 'response_received_count': 10,
 'scheduler/dequeued': 19,
 'scheduler/dequeued/memory': 19,
 'scheduler/enqueued': 19,
 'scheduler/enqueued/memory': 19,
 'start_time': datetime.datetime(2019, 6, 21, 10, 50, 57, 59640)}
2019-06-21 19:53:13 [scrapy.core.engine] INFO: Spider closed (finished)
